Copyright 1986-2022 Xilinx, Inc. All Rights Reserved. Copyright 2022-2025 Advanced Micro Devices, Inc. All Rights Reserved.
---------------------------------------------------------------------------------------------------------------------------------------------
| Tool Version : Vivado v.2025.2 (lin64) Build 6299465 Fri Nov 14 12:34:56 MST 2025
| Date         : Wed May 27 23:57:33 2026
| Host         : jkelleylaptop running 64-bit Linux Mint 22.3
| Command      : upgrade_ip
| Device       : xc7z020clg484-1
---------------------------------------------------------------------------------------------------------------------------------------------

Upgrade Log for IP 'zb_blinky_block3_PmodCMPS2_0_1'

1. Summary
----------

SUCCESS in the upgrade of zb_blinky_block3_PmodCMPS2_0_1 (digilentinc.com:IP:PmodCMPS2:1.0) from (Rev. 13) to (Rev. 15)






Copyright 1986-2022 Xilinx, Inc. All Rights Reserved. Copyright 2022-2025 Advanced Micro Devices, Inc. All Rights Reserved.
---------------------------------------------------------------------------------------------------------------------------------------------
| Tool Version : Vivado v.2025.2 (lin64) Build 6299465 Fri Nov 14 12:34:56 MST 2025
| Date         : Wed May 27 23:25:02 2026
| Host         : jkelleylaptop running 64-bit Linux Mint 22.3
| Command      : upgrade_ip
| Device       : xc7z020clg484-1
---------------------------------------------------------------------------------------------------------------------------------------------

Upgrade Log for IP 'zb_blinky_block3_zedboard_blinky_test_0_0'

1. Summary
----------

SUCCESS in the upgrade of zb_blinky_block3_zedboard_blinky_test_0_0 (user.org:user:zedboard_blinky_test_top:1.0) from (Rev. 2) to (Rev. 4)

